Build started 12-Jan-16 2:23:13 PM.
     1>Project "C:\Projects\Machiavelli-eindopdracht\Machiavelli\Machiavelli\Machiavelli.vcxproj" on node 2 (Build target(s)).
     1>ClCompile:
         C:\Program Files (x86)\Microsoft Visual Studio 14.0\VC\bin\CL.exe /c /I"C:\Projects\Algoritmiek\DungeonCrawler\Visual Leak Detector\include" /I"C:\Program Files (x86)\Visual Leak Detector\include" /ZI /nologo /W3 /WX- /sdl /Od /Oy- /D _MBCS /Gm /EHsc /RTC1 /MDd /GS /fp:precise /Zc:wchar_t /Zc:forScope /Zc:inline /Fo"Debug\\" /Fd"Debug\vc140.pdb" /Gd /TP /analyze- /errorReport:prompt Architect.cpp Assassin.cpp Condottiere.cpp Game.cpp King.cpp Merchant.cpp Player.cpp Priest.cpp Role.cpp Thief.cpp Wizard.cpp main.cpp
         main.cpp
         Wizard.cpp
         Thief.cpp
         Role.cpp
         Priest.cpp
         Player.cpp
         Merchant.cpp
         King.cpp
         Game.cpp
         Condottiere.cpp
         Assassin.cpp
         Architect.cpp
         Generating Code...
       Link:
         C:\Program Files (x86)\Microsoft Visual Studio 14.0\VC\bin\link.exe /ERRORREPORT:PROMPT /OUT:"C:\Projects\Machiavelli-eindopdracht\Machiavelli\Debug\Machiavelli.exe" /INCREMENTAL /NOLOGO /LIBPATH:"C:\Projects\Algoritmiek\DungeonCrawler\Visual Leak Detector\lib\Win32" /LIBPATH:"C:\Program Files (x86)\Visual Leak Detector\lib\Win32" kernel32.lib user32.lib gdi32.lib winspool.lib comdlg32.lib advapi32.lib shell32.lib ole32.lib oleaut32.lib uuid.lib odbc32.lib odbccp32.lib /MANIFEST /MANIFESTUAC:"level='asInvoker' uiAccess='false'" /manifest:embed /Debug /PDB:"C:\Projects\Machiavelli-eindopdracht\Machiavelli\Debug\Machiavelli.pdb" /TLBID:1 /DYNAMICBASE /NXCOMPAT /IMPLIB:"C:\Projects\Machiavelli-eindopdracht\Machiavelli\Debug\Machiavelli.lib" /MACHINE:X86 Debug\Architect.obj
         Debug\Assassin.obj
         Debug\Building.obj
         Debug\Condottiere.obj
         Debug\Game.obj
         Debug\King.obj
         Debug\main.obj
         Debug\Merchant.obj
         Debug\Player.obj
         Debug\Priest.obj
         Debug\Role.obj
         Debug\Socket.obj
         Debug\Thief.obj
         Debug\throw.obj
         Debug\Wizard.obj
         Machiavelli.vcxproj -> C:\Projects\Machiavelli-eindopdracht\Machiavelli\Debug\Machiavelli.exe
     1>Done Building Project "C:\Projects\Machiavelli-eindopdracht\Machiavelli\Machiavelli\Machiavelli.vcxproj" (Build target(s)).

Build succeeded.

Time Elapsed 00:00:45.20
